This is XeTeX, Version 3.141592653-2.6-0.999997 (TeX Live 2025) (preloaded format=xelatex 2026.1.30)  30 JAN 2026 13:35
entering extended mode
 restricted \write18 enabled.
 %&-line parsing enabled.
**CV/CV.tex
(./CV/CV.tex
LaTeX2e <2025-11-01>
L3 programming layer <2026-01-19>

! LaTeX Error: File `awesome-cv.cls' not found.

Type X to quit or <RETURN> to proceed,
or enter new name. (Default extension: cls)

Enter file name: 
! Emergency stop.
<read *> 
         
l.24 ^^M
        
*** (cannot \read from terminal in nonstop modes)

 
Here is how much of TeX's memory you used:
 19 strings out of 470129
 335 string characters out of 5476382
 426408 words of memory out of 5000000
 28721 multiletter control sequences out of 15000+600000
 627721 words of font info for 40 fonts, out of 8000000 for 9000
 36 hyphenation exceptions out of 8191
 19i,0n,29p,92b,17s stack positions out of 10000i,1000n,20000p,200000b,200000s
No pages of output.
